D:/Christian/DI_centre_structured/DI_CAMERA_P3225/Final/Arun\2 Meters\With Blankets\Hold Breath\Arun2.mp4
D:/Christian/DI_centre_structured/DI_CAMERA_P3225/Final/Arun\2 Meters\With Blankets\Hold Breath\Arun2_2.mp4
D:/Christian/DI_centre_structured/DI_CAMERA_P3225/Final/Arun\2 Meters\With Blankets\Hold Breath\frames_Arun2_lower_bound\frame_0.npz
D:/Christian/DI_centre_structured/DI_CAMERA_P3225/Final/Arun\2 Meters\With Blankets\Hold Breath\frames_Arun2_lower_bound\frame_12.npz
D:/Christian/DI_centre_structured/DI_CAMERA_P3225/Final/Arun\2 Meters\With Blankets\Hold Breath\frames_Arun2_lower_bound\frame_16.npz
D:/Christian/DI_centre_structured/DI_CAMERA_P3225/Final/Arun\2 Meters\With Blankets\Hold Breath\frames_Arun2_lower_bound\frame_19.npz
D:/Christian/DI_centre_structured/DI_CAMERA_P3225/Final/Arun\2 Meters\With Blankets\Hold Breath\frames_Arun2_lower_bound\frame_22.npz
D:/Christian/DI_centre_structured/DI_CAMERA_P3225/Final/Arun\2 Meters\With Blankets\Hold Breath\frames_Arun2_lower_bound\frame_25.npz
D:/Christian/DI_centre_structured/DI_CAMERA_P3225/Final/Arun\2 Meters\With Blankets\Hold Breath\frames_Arun2_lower_bound\frame_28.npz
D:/Christian/DI_centre_structured/DI_CAMERA_P3225/Final/Arun\2 Meters\With Blankets\Hold Breath\frames_Arun2_lower_bound\frame_29.npz
D:/Christian/DI_centre_structured/DI_CAMERA_P3225/Final/Arun\2 Meters\With Blankets\Hold Breath\frames_Arun2_lower_bound\frame_3.npz
D:/Christian/DI_centre_structured/DI_CAMERA_P3225/Final/Arun\2 Meters\With Blankets\Hold Breath\frames_Arun2_lower_bound\frame_32.npz
D:/Christian/DI_centre_structured/DI_CAMERA_P3225/Final/Arun\2 Meters\With Blankets\Hold Breath\frames_Arun2_lower_bound\frame_35.npz
D:/Christian/DI_centre_structured/DI_CAMERA_P3225/Final/Arun\2 Meters\With Blankets\Hold Breath\frames_Arun2_lower_bound\frame_38.npz
D:/Christian/DI_centre_structured/DI_CAMERA_P3225/Final/Arun\2 Meters\With Blankets\Hold Breath\frames_Arun2_lower_bound\frame_41.npz
D:/Christian/DI_centre_structured/DI_CAMERA_P3225/Final/Arun\2 Meters\With Blankets\Hold Breath\frames_Arun2_lower_bound\frame_45.npz
D:/Christian/DI_centre_structured/DI_CAMERA_P3225/Final/Arun\2 Meters\With Blankets\Hold Breath\frames_Arun2_lower_bound\frame_48.npz
D:/Christian/DI_centre_structured/DI_CAMERA_P3225/Final/Arun\2 Meters\With Blankets\Hold Breath\frames_Arun2_lower_bound\frame_51.npz
D:/Christian/DI_centre_structured/DI_CAMERA_P3225/Final/Arun\2 Meters\With Blankets\Hold Breath\frames_Arun2_lower_bound\frame_54.npz
D:/Christian/DI_centre_structured/DI_CAMERA_P3225/Final/Arun\2 Meters\With Blankets\Hold Breath\frames_Arun2_lower_bound\frame_57.npz
D:/Christian/DI_centre_structured/DI_CAMERA_P3225/Final/Arun\2 Meters\With Blankets\Hold Breath\frames_Arun2_lower_bound\frame_58.npz
D:/Christian/DI_centre_structured/DI_CAMERA_P3225/Final/Arun\2 Meters\With Blankets\Hold Breath\frames_Arun2_lower_bound\frame_6.npz
D:/Christian/DI_centre_structured/DI_CAMERA_P3225/Final/Arun\2 Meters\With Blankets\Hold Breath\frames_Arun2_lower_bound\frame_61.npz
D:/Christian/DI_centre_structured/DI_CAMERA_P3225/Final/Arun\2 Meters\With Blankets\Hold Breath\frames_Arun2_lower_bound\frame_64.npz
D:/Christian/DI_centre_structured/DI_CAMERA_P3225/Final/Arun\2 Meters\With Blankets\Hold Breath\frames_Arun2_lower_bound\frame_67.npz
D:/Christian/DI_centre_structured/DI_CAMERA_P3225/Final/Arun\2 Meters\With Blankets\Hold Breath\frames_Arun2_lower_bound\frame_70.npz
D:/Christian/DI_centre_structured/DI_CAMERA_P3225/Final/Arun\2 Meters\With Blankets\Hold Breath\frames_Arun2_lower_bound\frame_74.npz
D:/Christian/DI_centre_structured/DI_CAMERA_P3225/Final/Arun\2 Meters\With Blankets\Hold Breath\frames_Arun2_lower_bound\frame_77.npz
D:/Christian/DI_centre_structured/DI_CAMERA_P3225/Final/Arun\2 Meters\With Blankets\Hold Breath\frames_Arun2_lower_bound\frame_80.npz
D:/Christian/DI_centre_structured/DI_CAMERA_P3225/Final/Arun\2 Meters\With Blankets\Hold Breath\frames_Arun2_lower_bound\frame_83.npz
D:/Christian/DI_centre_structured/DI_CAMERA_P3225/Final/Arun\2 Meters\With Blankets\Hold Breath\frames_Arun2_lower_bound\frame_86.npz
D:/Christian/DI_centre_structured/DI_CAMERA_P3225/Final/Arun\2 Meters\With Blankets\Hold Breath\frames_Arun2_lower_bound\frame_87.npz
D:/Christian/DI_centre_structured/DI_CAMERA_P3225/Final/Arun\2 Meters\With Blankets\Hold Breath\frames_Arun2_lower_bound\frame_9.npz
D:/Christian/DI_centre_structured/DI_CAMERA_P3225/Final/Arun\2 Meters\With Blankets\Hold Breath\frames_Arun2_lower_bound\frame_90.npz
D:/Christian/DI_centre_structured/DI_CAMERA_P3225/Final/Arun\2 Meters\With Blankets\Hold Breath\frames_Arun2_lower_bound\frame_93.npz
D:/Christian/DI_centre_structured/DI_CAMERA_P3225/Final/Arun\2 Meters\With Blankets\Hold Breath\frames_Arun2_lower_bound\frame_96.npz
D:/Christian/DI_centre_structured/DI_CAMERA_P3225/Final/Arun\2 Meters\With Blankets\Hold Breath\frames_Arun2_lower_bound\frame_99.npz
D:/Christian/DI_centre_structured/DI_CAMERA_P3225/Final/Arun\2 Meters\With Blankets\Relaxed\Arun2.mp4
D:/Christian/DI_centre_structured/DI_CAMERA_P3225/Final/Arun\2 Meters\With Blankets\Relaxed\Arun2_2.mp4
D:/Christian/DI_centre_structured/DI_CAMERA_P3225/Final/Arun\2 Meters\With Blankets\Relaxed\frames\frame_0.png
D:/Christian/DI_centre_structured/DI_CAMERA_P3225/Final/Arun\2 Meters\With Blankets\Relaxed\frames\frame_1.png
D:/Christian/DI_centre_structured/DI_CAMERA_P3225/Final/Arun\2 Meters\With Blankets\Relaxed\frames\frame_10.png
D:/Christian/DI_centre_structured/DI_CAMERA_P3225/Final/Arun\2 Meters\With Blankets\Relaxed\frames\frame_100.png
D:/Christian/DI_centre_structured/DI_CAMERA_P3225/Final/Arun\2 Meters\With Blankets\Relaxed\frames\frame_101.png
D:/Christian/DI_centre_structured/DI_CAMERA_P3225/Final/Arun\2 Meters\With Blankets\Relaxed\frames\frame_11.png
D:/Christian/DI_centre_structured/DI_CAMERA_P3225/Final/Arun\2 Meters\With Blankets\Relaxed\frames\frame_12.png
D:/Christian/DI_centre_structured/DI_CAMERA_P3225/Final/Arun\2 Meters\With Blankets\Relaxed\frames\frame_13.png
D:/Christian/DI_centre_structured/DI_CAMERA_P3225/Final/Arun\2 Meters\With Blankets\Relaxed\frames\frame_14.png
D:/Christian/DI_centre_structured/DI_CAMERA_P3225/Final/Arun\2 Meters\With Blankets\Relaxed\frames\frame_15.png
D:/Christian/DI_centre_structured/DI_CAMERA_P3225/Final/Arun\2 Meters\With Blankets\Relaxed\frames\frame_16.png
D:/Christian/DI_centre_structured/DI_CAMERA_P3225/Final/Arun\2 Meters\With Blankets\Relaxed\frames\frame_17.png
D:/Christian/DI_centre_structured/DI_CAMERA_P3225/Final/Arun\2 Meters\With Blankets\Relaxed\frames\frame_18.png
D:/Christian/DI_centre_structured/DI_CAMERA_P3225/Final/Arun\2 Meters\With Blankets\Relaxed\frames\frame_19.png
D:/Christian/DI_centre_structured/DI_CAMERA_P3225/Final/Arun\2 Meters\With Blankets\Relaxed\frames\frame_2.png
D:/Christian/DI_centre_structured/DI_CAMERA_P3225/Final/Arun\2 Meters\With Blankets\Relaxed\frames\frame_20.png
D:/Christian/DI_centre_structured/DI_CAMERA_P3225/Final/Arun\2 Meters\With Blankets\Relaxed\frames\frame_21.png
D:/Christian/DI_centre_structured/DI_CAMERA_P3225/Final/Arun\2 Meters\With Blankets\Relaxed\frames\frame_22.png
D:/Christian/DI_centre_structured/DI_CAMERA_P3225/Final/Arun\2 Meters\With Blankets\Relaxed\frames\frame_23.png
D:/Christian/DI_centre_structured/DI_CAMERA_P3225/Final/Arun\2 Meters\With Blankets\Relaxed\frames\frame_24.png
D:/Christian/DI_centre_structured/DI_CAMERA_P3225/Final/Arun\2 Meters\With Blankets\Relaxed\frames\frame_25.png
D:/Christian/DI_centre_structured/DI_CAMERA_P3225/Final/Arun\2 Meters\With Blankets\Relaxed\frames\frame_26.png
D:/Christian/DI_centre_structured/DI_CAMERA_P3225/Final/Arun\2 Meters\With Blankets\Relaxed\frames\frame_27.png
D:/Christian/DI_centre_structured/DI_CAMERA_P3225/Final/Arun\2 Meters\With Blankets\Relaxed\frames\frame_28.png
D:/Christian/DI_centre_structured/DI_CAMERA_P3225/Final/Arun\2 Meters\With Blankets\Relaxed\frames\frame_29.png
D:/Christian/DI_centre_structured/DI_CAMERA_P3225/Final/Arun\2 Meters\With Blankets\Relaxed\frames\frame_3.png
D:/Christian/DI_centre_structured/DI_CAMERA_P3225/Final/Arun\2 Meters\With Blankets\Relaxed\frames\frame_30.png
D:/Christian/DI_centre_structured/DI_CAMERA_P3225/Final/Arun\2 Meters\With Blankets\Relaxed\frames\frame_31.png
D:/Christian/DI_centre_structured/DI_CAMERA_P3225/Final/Arun\2 Meters\With Blankets\Relaxed\frames\frame_32.png
D:/Christian/DI_centre_structured/DI_CAMERA_P3225/Final/Arun\2 Meters\With Blankets\Relaxed\frames\frame_33.png
D:/Christian/DI_centre_structured/DI_CAMERA_P3225/Final/Arun\2 Meters\With Blankets\Relaxed\frames\frame_34.png
D:/Christian/DI_centre_structured/DI_CAMERA_P3225/Final/Arun\2 Meters\With Blankets\Relaxed\frames\frame_35.png
D:/Christian/DI_centre_structured/DI_CAMERA_P3225/Final/Arun\2 Meters\With Blankets\Relaxed\frames\frame_36.png
D:/Christian/DI_centre_structured/DI_CAMERA_P3225/Final/Arun\2 Meters\With Blankets\Relaxed\frames\frame_37.png
D:/Christian/DI_centre_structured/DI_CAMERA_P3225/Final/Arun\2 Meters\With Blankets\Relaxed\frames\frame_38.png
D:/Christian/DI_centre_structured/DI_CAMERA_P3225/Final/Arun\2 Meters\With Blankets\Relaxed\frames\frame_39.png
D:/Christian/DI_centre_structured/DI_CAMERA_P3225/Final/Arun\2 Meters\With Blankets\Relaxed\frames\frame_4.png
D:/Christian/DI_centre_structured/DI_CAMERA_P3225/Final/Arun\2 Meters\With Blankets\Relaxed\frames\frame_40.png
D:/Christian/DI_centre_structured/DI_CAMERA_P3225/Final/Arun\2 Meters\With Blankets\Relaxed\frames\frame_41.png
D:/Christian/DI_centre_structured/DI_CAMERA_P3225/Final/Arun\2 Meters\With Blankets\Relaxed\frames\frame_42.png
D:/Christian/DI_centre_structured/DI_CAMERA_P3225/Final/Arun\2 Meters\With Blankets\Relaxed\frames\frame_43.png
D:/Christian/DI_centre_structured/DI_CAMERA_P3225/Final/Arun\2 Meters\With Blankets\Relaxed\frames\frame_44.png
D:/Christian/DI_centre_structured/DI_CAMERA_P3225/Final/Arun\2 Meters\With Blankets\Relaxed\frames\frame_45.png
D:/Christian/DI_centre_structured/DI_CAMERA_P3225/Final/Arun\2 Meters\With Blankets\Relaxed\frames\frame_46.png
D:/Christian/DI_centre_structured/DI_CAMERA_P3225/Final/Arun\2 Meters\With Blankets\Relaxed\frames\frame_47.png
D:/Christian/DI_centre_structured/DI_CAMERA_P3225/Final/Arun\2 Meters\With Blankets\Relaxed\frames\frame_48.png
D:/Christian/DI_centre_structured/DI_CAMERA_P3225/Final/Arun\2 Meters\With Blankets\Relaxed\frames\frame_49.png
D:/Christian/DI_centre_structured/DI_CAMERA_P3225/Final/Arun\2 Meters\With Blankets\Relaxed\frames\frame_5.png
D:/Christian/DI_centre_structured/DI_CAMERA_P3225/Final/Arun\2 Meters\With Blankets\Relaxed\frames\frame_50.png
D:/Christian/DI_centre_structured/DI_CAMERA_P3225/Final/Arun\2 Meters\With Blankets\Relaxed\frames\frame_51.png
D:/Christian/DI_centre_structured/DI_CAMERA_P3225/Final/Arun\2 Meters\With Blankets\Relaxed\frames\frame_52.png
D:/Christian/DI_centre_structured/DI_CAMERA_P3225/Final/Arun\2 Meters\With Blankets\Relaxed\frames\frame_53.png
D:/Christian/DI_centre_structured/DI_CAMERA_P3225/Final/Arun\2 Meters\With Blankets\Relaxed\frames\frame_54.png
D:/Christian/DI_centre_structured/DI_CAMERA_P3225/Final/Arun\2 Meters\With Blankets\Relaxed\frames\frame_55.png
D:/Christian/DI_centre_structured/DI_CAMERA_P3225/Final/Arun\2 Meters\With Blankets\Relaxed\frames\frame_56.png
D:/Christian/DI_centre_structured/DI_CAMERA_P3225/Final/Arun\2 Meters\With Blankets\Relaxed\frames\frame_57.png
D:/Christian/DI_centre_structured/DI_CAMERA_P3225/Final/Arun\2 Meters\With Blankets\Relaxed\frames\frame_58.png
D:/Christian/DI_centre_structured/DI_CAMERA_P3225/Final/Arun\2 Meters\With Blankets\Relaxed\frames\frame_59.png
D:/Christian/DI_centre_structured/DI_CAMERA_P3225/Final/Arun\2 Meters\With Blankets\Relaxed\frames\frame_6.png
D:/Christian/DI_centre_structured/DI_CAMERA_P3225/Final/Arun\2 Meters\With Blankets\Relaxed\frames\frame_60.png
D:/Christian/DI_centre_structured/DI_CAMERA_P3225/Final/Arun\2 Meters\With Blankets\Relaxed\frames\frame_61.png
D:/Christian/DI_centre_structured/DI_CAMERA_P3225/Final/Arun\2 Meters\With Blankets\Relaxed\frames\frame_62.png
D:/Christian/DI_centre_structured/DI_CAMERA_P3225/Final/Arun\2 Meters\With Blankets\Relaxed\frames\frame_63.png
D:/Christian/DI_centre_structured/DI_CAMERA_P3225/Final/Arun\2 Meters\With Blankets\Relaxed\frames\frame_64.png
D:/Christian/DI_centre_structured/DI_CAMERA_P3225/Final/Arun\2 Meters\With Blankets\Relaxed\frames\frame_65.png
D:/Christian/DI_centre_structured/DI_CAMERA_P3225/Final/Arun\2 Meters\With Blankets\Relaxed\frames\frame_66.png
D:/Christian/DI_centre_structured/DI_CAMERA_P3225/Final/Arun\2 Meters\With Blankets\Relaxed\frames\frame_67.png
D:/Christian/DI_centre_structured/DI_CAMERA_P3225/Final/Arun\2 Meters\With Blankets\Relaxed\frames\frame_68.png
D:/Christian/DI_centre_structured/DI_CAMERA_P3225/Final/Arun\2 Meters\With Blankets\Relaxed\frames\frame_69.png
D:/Christian/DI_centre_structured/DI_CAMERA_P3225/Final/Arun\2 Meters\With Blankets\Relaxed\frames\frame_7.png
D:/Christian/DI_centre_structured/DI_CAMERA_P3225/Final/Arun\2 Meters\With Blankets\Relaxed\frames\frame_70.png
D:/Christian/DI_centre_structured/DI_CAMERA_P3225/Final/Arun\2 Meters\With Blankets\Relaxed\frames\frame_71.png
D:/Christian/DI_centre_structured/DI_CAMERA_P3225/Final/Arun\2 Meters\With Blankets\Relaxed\frames\frame_72.png
D:/Christian/DI_centre_structured/DI_CAMERA_P3225/Final/Arun\2 Meters\With Blankets\Relaxed\frames\frame_73.png
D:/Christian/DI_centre_structured/DI_CAMERA_P3225/Final/Arun\2 Meters\With Blankets\Relaxed\frames\frame_74.png
D:/Christian/DI_centre_structured/DI_CAMERA_P3225/Final/Arun\2 Meters\With Blankets\Relaxed\frames\frame_75.png
D:/Christian/DI_centre_structured/DI_CAMERA_P3225/Final/Arun\2 Meters\With Blankets\Relaxed\frames\frame_76.png
D:/Christian/DI_centre_structured/DI_CAMERA_P3225/Final/Arun\2 Meters\With Blankets\Relaxed\frames\frame_77.png
D:/Christian/DI_centre_structured/DI_CAMERA_P3225/Final/Arun\2 Meters\With Blankets\Relaxed\frames\frame_78.png
D:/Christian/DI_centre_structured/DI_CAMERA_P3225/Final/Arun\2 Meters\With Blankets\Relaxed\frames\frame_79.png
D:/Christian/DI_centre_structured/DI_CAMERA_P3225/Final/Arun\2 Meters\With Blankets\Relaxed\frames\frame_8.png
D:/Christian/DI_centre_structured/DI_CAMERA_P3225/Final/Arun\2 Meters\With Blankets\Relaxed\frames\frame_80.png
D:/Christian/DI_centre_structured/DI_CAMERA_P3225/Final/Arun\2 Meters\With Blankets\Relaxed\frames\frame_81.png
D:/Christian/DI_centre_structured/DI_CAMERA_P3225/Final/Arun\2 Meters\With Blankets\Relaxed\frames\frame_82.png
D:/Christian/DI_centre_structured/DI_CAMERA_P3225/Final/Arun\2 Meters\With Blankets\Relaxed\frames\frame_83.png
D:/Christian/DI_centre_structured/DI_CAMERA_P3225/Final/Arun\2 Meters\With Blankets\Relaxed\frames\frame_84.png
D:/Christian/DI_centre_structured/DI_CAMERA_P3225/Final/Arun\2 Meters\With Blankets\Relaxed\frames\frame_85.png
D:/Christian/DI_centre_structured/DI_CAMERA_P3225/Final/Arun\2 Meters\With Blankets\Relaxed\frames\frame_86.png
D:/Christian/DI_centre_structured/DI_CAMERA_P3225/Final/Arun\2 Meters\With Blankets\Relaxed\frames\frame_87.png
D:/Christian/DI_centre_structured/DI_CAMERA_P3225/Final/Arun\2 Meters\With Blankets\Relaxed\frames\frame_88.png
D:/Christian/DI_centre_structured/DI_CAMERA_P3225/Final/Arun\2 Meters\With Blankets\Relaxed\frames\frame_89.png
D:/Christian/DI_centre_structured/DI_CAMERA_P3225/Final/Arun\2 Meters\With Blankets\Relaxed\frames\frame_9.png
D:/Christian/DI_centre_structured/DI_CAMERA_P3225/Final/Arun\2 Meters\With Blankets\Relaxed\frames\frame_90.png
D:/Christian/DI_centre_structured/DI_CAMERA_P3225/Final/Arun\2 Meters\With Blankets\Relaxed\frames\frame_91.png
D:/Christian/DI_centre_structured/DI_CAMERA_P3225/Final/Arun\2 Meters\With Blankets\Relaxed\frames\frame_92.png
D:/Christian/DI_centre_structured/DI_CAMERA_P3225/Final/Arun\2 Meters\With Blankets\Relaxed\frames\frame_93.png
D:/Christian/DI_centre_structured/DI_CAMERA_P3225/Final/Arun\2 Meters\With Blankets\Relaxed\frames\frame_94.png
D:/Christian/DI_centre_structured/DI_CAMERA_P3225/Final/Arun\2 Meters\With Blankets\Relaxed\frames\frame_95.png
D:/Christian/DI_centre_structured/DI_CAMERA_P3225/Final/Arun\2 Meters\With Blankets\Relaxed\frames\frame_96.png
D:/Christian/DI_centre_structured/DI_CAMERA_P3225/Final/Arun\2 Meters\With Blankets\Relaxed\frames\frame_97.png
D:/Christian/DI_centre_structured/DI_CAMERA_P3225/Final/Arun\2 Meters\With Blankets\Relaxed\frames\frame_98.png
D:/Christian/DI_centre_structured/DI_CAMERA_P3225/Final/Arun\2 Meters\With Blankets\Relaxed\frames\frame_99.png
D:/Christian/DI_centre_structured/DI_CAMERA_P3225/Final/Arun\2 Meters\Without Blankets\Hold Breath\short.mp4
D:/Christian/DI_centre_structured/DI_CAMERA_P3225/Final/Arun\2 Meters\Without Blankets\Relaxed\relax 2meter short.mp4
D:/Christian/DI_centre_structured/DI_CAMERA_P3225/Final/Arun\3 Meters\With Blankets\Hold Breath\Arun3.mp4
D:/Christian/DI_centre_structured/DI_CAMERA_P3225/Final/Arun\3 Meters\With Blankets\Relaxed\Arun3.mp4
D:/Christian/DI_centre_structured/DI_CAMERA_P3225/Final/Arun\3 Meters\Without Blankets\Hold Breath\Arun3.mp4
D:/Christian/DI_centre_structured/DI_CAMERA_P3225/Final/Arun\3 Meters\Without Blankets\Relaxed\Arun3.mp4
D:/Christian/DI_centre_structured/DI_CAMERA_P3225/Final/Daniel\2 Meters\With Blankets\Hold Breath\Daniel HB.mp4
D:/Christian/DI_centre_structured/DI_CAMERA_P3225/Final/Daniel\2 Meters\With Blankets\Relaxed\Daniel.mp4
D:/Christian/DI_centre_structured/DI_CAMERA_P3225/Final/Daniel\2 Meters\Without Blankets\Hold Breath\Daniel HB.mp4
D:/Christian/DI_centre_structured/DI_CAMERA_P3225/Final/Daniel\2 Meters\Without Blankets\Relaxed\Daniel.mp4
D:/Christian/DI_centre_structured/DI_CAMERA_P3225/Final/Daniel\3 Meters\With Blankets\Hold Breath\Daniel HB.mp4
D:/Christian/DI_centre_structured/DI_CAMERA_P3225/Final/Daniel\3 Meters\With Blankets\Relaxed\Daniel.mp4
D:/Christian/DI_centre_structured/DI_CAMERA_P3225/Final/Daniel\3 Meters\Without Blankets\Hold Breath\Daniel HB.mp4
D:/Christian/DI_centre_structured/DI_CAMERA_P3225/Final/Daniel\3 Meters\Without Blankets\Relaxed\Daniel.mp4
D:/Christian/DI_centre_structured/DI_CAMERA_P3225/Final/Eddy\2 Meters\With Blankets\Hold Breath\Eddy HB.mp4
D:/Christian/DI_centre_structured/DI_CAMERA_P3225/Final/Eddy\2 Meters\With Blankets\Relaxed\Eddy.mp4
D:/Christian/DI_centre_structured/DI_CAMERA_P3225/Final/Eddy\2 Meters\Without Blankets\Hold Breath\Eddy HB.mp4
D:/Christian/DI_centre_structured/DI_CAMERA_P3225/Final/Eddy\2 Meters\Without Blankets\Relaxed\Eddy.mp4
D:/Christian/DI_centre_structured/DI_CAMERA_P3225/Final/Eddy\3 Meters\With Blankets\Hold Breath\Eddy HB.mp4
D:/Christian/DI_centre_structured/DI_CAMERA_P3225/Final/Eddy\3 Meters\With Blankets\Relaxed\Eddy.mp4
D:/Christian/DI_centre_structured/DI_CAMERA_P3225/Final/Eddy\3 Meters\Without Blankets\Hold Breath\Eddy HB.mp4
D:/Christian/DI_centre_structured/DI_CAMERA_P3225/Final/Eddy\3 Meters\Without Blankets\Relaxed\Eddy.mp4
D:/Christian/DI_centre_structured/DI_CAMERA_P3225/Final/Farooq\2 Meters\With Blankets\Hold Breath\Farooq.mp4
D:/Christian/DI_centre_structured/DI_CAMERA_P3225/Final/Farooq\2 Meters\With Blankets\Relaxed\Farooq.mp4
D:/Christian/DI_centre_structured/DI_CAMERA_P3225/Final/Farooq\2 Meters\Without Blankets\Hold Breath\Farooq HB.mp4
D:/Christian/DI_centre_structured/DI_CAMERA_P3225/Final/Farooq\2 Meters\Without Blankets\Relaxed\Farooq.mp4
D:/Christian/DI_centre_structured/DI_CAMERA_P3225/Final/Farooq\3 Meters\With Blankets\Hold Breath\Farooq HB.mp4
D:/Christian/DI_centre_structured/DI_CAMERA_P3225/Final/Farooq\3 Meters\With Blankets\Relaxed\Farooq.mp4
D:/Christian/DI_centre_structured/DI_CAMERA_P3225/Final/Farooq\3 Meters\Without Blankets\Hold Breath\Farooq HB.mp4
D:/Christian/DI_centre_structured/DI_CAMERA_P3225/Final/Farooq\3 Meters\Without Blankets\Relaxed\Farooq.mp4
D:/Christian/DI_centre_structured/DI_CAMERA_P3225/Final/Frank\2 Meters\With Blankets\Hold Breath\Frank HB.mp4
D:/Christian/DI_centre_structured/DI_CAMERA_P3225/Final/Frank\2 Meters\With Blankets\Relaxed\Frank.mp4
D:/Christian/DI_centre_structured/DI_CAMERA_P3225/Final/Frank\2 Meters\Without Blankets\Hold Breath\Frank HB.mp4
D:/Christian/DI_centre_structured/DI_CAMERA_P3225/Final/Frank\2 Meters\Without Blankets\Relaxed\Frank.mp4
D:/Christian/DI_centre_structured/DI_CAMERA_P3225/Final/Frank2\3 Meters\With Blankets\Hold Breath\Frank2 HB.mp4
D:/Christian/DI_centre_structured/DI_CAMERA_P3225/Final/Frank2\3 Meters\With Blankets\Hold Breath\Frank3 HB.mp4
D:/Christian/DI_centre_structured/DI_CAMERA_P3225/Final/Frank2\3 Meters\With Blankets\Hold Breath\Frank4 HB.mp4
D:/Christian/DI_centre_structured/DI_CAMERA_P3225/Final/Frank2\3 Meters\With Blankets\Relaxed\Frank2.mp4
D:/Christian/DI_centre_structured/DI_CAMERA_P3225/Final/Frank2\3 Meters\Without Blankets\Hold Breath\Frank2 HB.mp4
D:/Christian/DI_centre_structured/DI_CAMERA_P3225/Final/Frank2\3 Meters\Without Blankets\Relaxed\Frank2.mp4
D:/Christian/DI_centre_structured/DI_CAMERA_P3225/Final/Illia\2 Meters\With Blankets\Hold Breath\Illia HB.mp4
D:/Christian/DI_centre_structured/DI_CAMERA_P3225/Final/Illia\2 Meters\With Blankets\Relaxed\Illia.mp4
D:/Christian/DI_centre_structured/DI_CAMERA_P3225/Final/Illia\2 Meters\Without Blankets\Hold Breath\Illia HB.mp4
D:/Christian/DI_centre_structured/DI_CAMERA_P3225/Final/Illia\2 Meters\Without Blankets\Relaxed\Illia.mp4
D:/Christian/DI_centre_structured/DI_CAMERA_P3225/Final/Illia\3 Meters\With Blankets\Hold Breath\Illia HB.mp4
D:/Christian/DI_centre_structured/DI_CAMERA_P3225/Final/Illia\3 Meters\With Blankets\Hold Breath\Illia HB2.mp4
D:/Christian/DI_centre_structured/DI_CAMERA_P3225/Final/Illia\3 Meters\With Blankets\Relaxed\Illia.mp4
D:/Christian/DI_centre_structured/DI_CAMERA_P3225/Final/Illia\3 Meters\Without Blankets\Hold Breath\Illia HB.mp4
D:/Christian/DI_centre_structured/DI_CAMERA_P3225/Final/Illia\3 Meters\Without Blankets\Hold Breath\Illia HB1.mp4
D:/Christian/DI_centre_structured/DI_CAMERA_P3225/Final/Illia\3 Meters\Without Blankets\Relaxed\Illia.mp4
D:/Christian/DI_centre_structured/DI_CAMERA_P3225/Final/Illia - 2\2 Meters\With Blankets\Hold Breath\Illia2 HB.mp4
D:/Christian/DI_centre_structured/DI_CAMERA_P3225/Final/Illia - 2\2 Meters\With Blankets\Relaxed\Illia2.mp4
D:/Christian/DI_centre_structured/DI_CAMERA_P3225/Final/Illia - 2\2 Meters\Without Blankets\Hold Breath\Iliia2 HB.mp4
D:/Christian/DI_centre_structured/DI_CAMERA_P3225/Final/Illia - 2\2 Meters\Without Blankets\Hold Breath\Iliia3 HB.mp4
D:/Christian/DI_centre_structured/DI_CAMERA_P3225/Final/Illia - 2\2 Meters\Without Blankets\Relaxed\Illia2.mp4
D:/Christian/DI_centre_structured/DI_CAMERA_P3225/Final/Illia - 2\3 Meters\With Blankets\Hold Breath\Illia4 HB.mp4
D:/Christian/DI_centre_structured/DI_CAMERA_P3225/Final/Illia - 2\3 Meters\With Blankets\Relaxed\Illia4.mp4
D:/Christian/DI_centre_structured/DI_CAMERA_P3225/Final/Jay\2 Meters\With Blankets\Hold Breath\Jay HB.mp4
D:/Christian/DI_centre_structured/DI_CAMERA_P3225/Final/Jay\2 Meters\With Blankets\Relaxed\Jay.mp4
D:/Christian/DI_centre_structured/DI_CAMERA_P3225/Final/Jay\2 Meters\Without Blankets\Hold Breath\Jay HB.mp4
D:/Christian/DI_centre_structured/DI_CAMERA_P3225/Final/Jay\2 Meters\Without Blankets\Relaxed\Jay.mp4
D:/Christian/DI_centre_structured/DI_CAMERA_P3225/Final/Jay\3 Meters\With Blankets\Hold Breath\Jay HB.mp4
D:/Christian/DI_centre_structured/DI_CAMERA_P3225/Final/Jay\3 Meters\With Blankets\Relaxed\Jay.mp4
D:/Christian/DI_centre_structured/DI_CAMERA_P3225/Final/Jay\3 Meters\Without Blankets\Hold Breath\Jay HB.mp4
D:/Christian/DI_centre_structured/DI_CAMERA_P3225/Final/Jay\3 Meters\Without Blankets\Relaxed\Jay.mp4
D:/Christian/DI_centre_structured/DI_CAMERA_P3225/Final/John McNeil\2 Meters\With Blankets\Hold Breath\John McNeil HB.mp4
D:/Christian/DI_centre_structured/DI_CAMERA_P3225/Final/John McNeil\2 Meters\With Blankets\Relaxed\John McNeil.mp4
D:/Christian/DI_centre_structured/DI_CAMERA_P3225/Final/John McNeil\2 Meters\Without Blankets\Hold Breath\John McNeil HB.mp4
D:/Christian/DI_centre_structured/DI_CAMERA_P3225/Final/John McNeil\2 Meters\Without Blankets\Relaxed\John McNeil.mp4
D:/Christian/DI_centre_structured/DI_CAMERA_P3225/Final/John McNeil\3 Meters\With Blankets\Hold Breath\John McNeil HB.mp4
D:/Christian/DI_centre_structured/DI_CAMERA_P3225/Final/John McNeil\3 Meters\With Blankets\Relaxed\John McNeil.mp4
D:/Christian/DI_centre_structured/DI_CAMERA_P3225/Final/John McNeil\3 Meters\Without Blankets\Hold Breath\John McNeil HB.mp4
D:/Christian/DI_centre_structured/DI_CAMERA_P3225/Final/John McNeil\3 Meters\Without Blankets\Relaxed\John McNeil.mp4
D:/Christian/DI_centre_structured/DI_CAMERA_P3225/Final/Joseph\2 Meters\With Blankets\Hold Breath\Joseph HB.mp4
D:/Christian/DI_centre_structured/DI_CAMERA_P3225/Final/Joseph\2 Meters\With Blankets\Relaxed\Joseph.mp4
D:/Christian/DI_centre_structured/DI_CAMERA_P3225/Final/Joseph\2 Meters\Without Blankets\Hold Breath\Joseph HB.mp4
D:/Christian/DI_centre_structured/DI_CAMERA_P3225/Final/Joseph\2 Meters\Without Blankets\Relaxed\Joseph.mp4
D:/Christian/DI_centre_structured/DI_CAMERA_P3225/Final/Karlii\2 Meters\With Blankets\Hold Breath\Karlii HB.mp4
D:/Christian/DI_centre_structured/DI_CAMERA_P3225/Final/Karlii\2 Meters\With Blankets\Relaxed\Karlii.mp4
D:/Christian/DI_centre_structured/DI_CAMERA_P3225/Final/Karlii\2 Meters\Without Blankets\Hold Breath\Karlii HB.mp4
D:/Christian/DI_centre_structured/DI_CAMERA_P3225/Final/Karlii\2 Meters\Without Blankets\Relaxed\Karlii.mp4
D:/Christian/DI_centre_structured/DI_CAMERA_P3225/Final/Karlii\3 Meters\With Blankets\Hold Breath\Karlii HB.mp4
D:/Christian/DI_centre_structured/DI_CAMERA_P3225/Final/Karlii\3 Meters\With Blankets\Relaxed\Karlii.mp4
D:/Christian/DI_centre_structured/DI_CAMERA_P3225/Final/Karlii\3 Meters\Without Blankets\Hold Breath\Karlii HB.mp4
D:/Christian/DI_centre_structured/DI_CAMERA_P3225/Final/Karlii\3 Meters\Without Blankets\Relaxed\Karlii.mp4
D:/Christian/DI_centre_structured/DI_CAMERA_P3225/Final/Kate\2 Meters\Without Blankets\Hold Breath\Kate.mp4
D:/Christian/DI_centre_structured/DI_CAMERA_P3225/Final/Kate\2 Meters\Without Blankets\Relaxed\Kate.mp4
D:/Christian/DI_centre_structured/DI_CAMERA_P3225/Final/Kate\3 Meters\With Blankets\Hold Breath\Kate HB.mp4
D:/Christian/DI_centre_structured/DI_CAMERA_P3225/Final/Kate\3 Meters\With Blankets\Relaxed\Kate Relaxed.mp4
D:/Christian/DI_centre_structured/DI_CAMERA_P3225/Final/Kate\3 Meters\Without Blankets\Hold Breath\Kate.mp4
D:/Christian/DI_centre_structured/DI_CAMERA_P3225/Final/Kate\3 Meters\Without Blankets\Relaxed\Kate Relaxed.mp4
D:/Christian/DI_centre_structured/DI_CAMERA_P3225/Final/Krystyn\2 Meters\With Blankets\Hold Breath\Krystyn HB.mp4
D:/Christian/DI_centre_structured/DI_CAMERA_P3225/Final/Krystyn\2 Meters\With Blankets\Relaxed\Krystyn.mp4
D:/Christian/DI_centre_structured/DI_CAMERA_P3225/Final/Krystyn\2 Meters\Without Blankets\Hold Breath\Krystyn HB.mp4
D:/Christian/DI_centre_structured/DI_CAMERA_P3225/Final/Krystyn\2 Meters\Without Blankets\Relaxed\Krystyn.mp4
D:/Christian/DI_centre_structured/DI_CAMERA_P3225/Final/Krystyn\3 Meters\With Blankets\Hold Breath\Krystyn HB.mp4
D:/Christian/DI_centre_structured/DI_CAMERA_P3225/Final/Krystyn\3 Meters\With Blankets\Relaxed\Krystyn.mp4
D:/Christian/DI_centre_structured/DI_CAMERA_P3225/Final/Krystyn\3 Meters\Without Blankets\Hold Breath\Krystyn HB.mp4
D:/Christian/DI_centre_structured/DI_CAMERA_P3225/Final/Krystyn\3 Meters\Without Blankets\Relaxed\Krystyn.mp4
D:/Christian/DI_centre_structured/DI_CAMERA_P3225/Final/Melissa\2 Meters\With Blankets\Hold Breath\Melissa HB.mp4
D:/Christian/DI_centre_structured/DI_CAMERA_P3225/Final/Melissa\2 Meters\With Blankets\Relaxed\Melissa.mp4
D:/Christian/DI_centre_structured/DI_CAMERA_P3225/Final/Melissa\2 Meters\Without Blankets\Hold Breath\Melissa HB.mp4
D:/Christian/DI_centre_structured/DI_CAMERA_P3225/Final/Melissa\2 Meters\Without Blankets\Relaxed\Melissa.mp4
D:/Christian/DI_centre_structured/DI_CAMERA_P3225/Final/Melissa\3 Meters\With Blankets\Hold Breath\Melissa HB.mp4
D:/Christian/DI_centre_structured/DI_CAMERA_P3225/Final/Melissa\3 Meters\With Blankets\Relaxed\Melissa.mp4
D:/Christian/DI_centre_structured/DI_CAMERA_P3225/Final/Melissa\3 Meters\Without Blankets\Hold Breath\Melissa HB.mp4
D:/Christian/DI_centre_structured/DI_CAMERA_P3225/Final/Melissa\3 Meters\Without Blankets\Relaxed\Melissa.mp4
D:/Christian/DI_centre_structured/DI_CAMERA_P3225/Final/Nick\2 Meters\With Blankets\Hold Breath\Nick HB.mp4
D:/Christian/DI_centre_structured/DI_CAMERA_P3225/Final/Nick\2 Meters\With Blankets\Relaxed\Nick.mp4
D:/Christian/DI_centre_structured/DI_CAMERA_P3225/Final/Nick\2 Meters\Without Blankets\Hold Breath\Nick HB.mp4
D:/Christian/DI_centre_structured/DI_CAMERA_P3225/Final/Nick\2 Meters\Without Blankets\Relaxed\n1.mp4
D:/Christian/DI_centre_structured/DI_CAMERA_P3225/Final/Nick\2 Meters\Without Blankets\Relaxed\Nick.mp4
D:/Christian/DI_centre_structured/DI_CAMERA_P3225/Final/Nick\3 Meters\With Blankets\Hold Breath\Nick HB.mp4
D:/Christian/DI_centre_structured/DI_CAMERA_P3225/Final/Nick\3 Meters\With Blankets\Relaxed\Nick.mp4
D:/Christian/DI_centre_structured/DI_CAMERA_P3225/Final/Nick\3 Meters\Without Blankets\Hold Breath\Nick HB.mp4
D:/Christian/DI_centre_structured/DI_CAMERA_P3225/Final/Nick\3 Meters\Without Blankets\Relaxed\Nick.mp4
D:/Christian/DI_centre_structured/DI_CAMERA_P3225/Final/Rachael B\2 Meters\Without Blankets\Hold Breathe\Rechael Hold Breathe.mp4
D:/Christian/DI_centre_structured/DI_CAMERA_P3225/Final/Rachael B\2 Meters\Without Blankets\Hold Breathe\Rechael Hold Breathe2.mp4
D:/Christian/DI_centre_structured/DI_CAMERA_P3225/Final/Rachael B\2 Meters\Without Blankets\Relaxed\Rachael Relaxed.mp4
D:/Christian/DI_centre_structured/DI_CAMERA_P3225/Final/Rachael B\2 Meters\Without Blankets\Relaxed\Rachael Relaxed1.mp4
D:/Christian/DI_centre_structured/DI_CAMERA_P3225/Final/Rachael B\2 Meters\Without Blankets\Relaxed\Rachael Relaxed2.mp4
D:/Christian/DI_centre_structured/DI_CAMERA_P3225/Final/Riyan\2 Meters\With Blankets\Hold Breath\Riyan HB.mp4
D:/Christian/DI_centre_structured/DI_CAMERA_P3225/Final/Riyan\2 Meters\With Blankets\Relaxed\Riyan.mp4
D:/Christian/DI_centre_structured/DI_CAMERA_P3225/Final/Riyan\2 Meters\Without Blankets\Hold Breath\Riyan HB.mp4
D:/Christian/DI_centre_structured/DI_CAMERA_P3225/Final/Riyan\2 Meters\Without Blankets\Relaxed\Riyan.mp4
D:/Christian/DI_centre_structured/DI_CAMERA_P3225/Final/Sara\2 Meters\With Blankets\Hold Breath\Sara HB.mp4
D:/Christian/DI_centre_structured/DI_CAMERA_P3225/Final/Sara\2 Meters\With Blankets\Relaxed\Sara Relaxed with Blanket.mp4
D:/Christian/DI_centre_structured/DI_CAMERA_P3225/Final/Sara\2 Meters\Without Blankets\Hold Breath\Sara Hold Breath.mp4
D:/Christian/DI_centre_structured/DI_CAMERA_P3225/Final/Sara\2 Meters\Without Blankets\Relaxed\Sara Relaxed.mp4
D:/Christian/DI_centre_structured/DI_CAMERA_P3225/Final/Sara\3 Meters\With Blankets\Hold Breath\Sara HB.mp4
D:/Christian/DI_centre_structured/DI_CAMERA_P3225/Final/Sara\3 Meters\With Blankets\Relaxed\Sara Relaxed.mp4
D:/Christian/DI_centre_structured/DI_CAMERA_P3225/Final/Sara\3 Meters\Without Blankets\Hold Breath\Sara HB.mp4
D:/Christian/DI_centre_structured/DI_CAMERA_P3225/Final/Sara\3 Meters\Without Blankets\Relaxed\Sara Relaxed.mp4
