E:/Christian/DI_centre_structured/DI_CAMERA_P3225/Final/Arun\2 Meters\With Blankets\Hold Breath\Arun2.mp4
E:/Christian/DI_centre_structured/DI_CAMERA_P3225/Final/Arun\2 Meters\With Blankets\Hold Breath\Arun2_2.mp4
E:/Christian/DI_centre_structured/DI_CAMERA_P3225/Final/Arun\2 Meters\With Blankets\Relaxed\Arun2.mp4
E:/Christian/DI_centre_structured/DI_CAMERA_P3225/Final/Arun\2 Meters\With Blankets\Relaxed\Arun2_2.mp4
E:/Christian/DI_centre_structured/DI_CAMERA_P3225/Final/Arun\2 Meters\Without Blankets\Hold Breath\short.mp4
E:/Christian/DI_centre_structured/DI_CAMERA_P3225/Final/Arun\2 Meters\Without Blankets\Relaxed\relax 2meter short.mp4
E:/Christian/DI_centre_structured/DI_CAMERA_P3225/Final/Arun\3 Meters\With Blankets\Hold Breath\Arun3.mp4
E:/Christian/DI_centre_structured/DI_CAMERA_P3225/Final/Arun\3 Meters\With Blankets\Relaxed\Arun3.mp4
E:/Christian/DI_centre_structured/DI_CAMERA_P3225/Final/Arun\3 Meters\Without Blankets\Hold Breath\Arun3.mp4
E:/Christian/DI_centre_structured/DI_CAMERA_P3225/Final/Arun\3 Meters\Without Blankets\Relaxed\Arun3.mp4
E:/Christian/DI_centre_structured/DI_CAMERA_P3225/Final/Eddy\2 Meters\With Blankets\Hold Breath\Eddy HB.mp4
E:/Christian/DI_centre_structured/DI_CAMERA_P3225/Final/Eddy\2 Meters\With Blankets\Relaxed\Eddy.mp4
E:/Christian/DI_centre_structured/DI_CAMERA_P3225/Final/Eddy\2 Meters\Without Blankets\Hold Breath\Eddy HB.mp4
E:/Christian/DI_centre_structured/DI_CAMERA_P3225/Final/Eddy\2 Meters\Without Blankets\Relaxed\Eddy.mp4
E:/Christian/DI_centre_structured/DI_CAMERA_P3225/Final/Eddy\3 Meters\With Blankets\Hold Breath\Eddy HB.mp4
E:/Christian/DI_centre_structured/DI_CAMERA_P3225/Final/Eddy\3 Meters\With Blankets\Relaxed\Eddy.mp4
E:/Christian/DI_centre_structured/DI_CAMERA_P3225/Final/Eddy\3 Meters\Without Blankets\Hold Breath\Eddy HB.mp4
E:/Christian/DI_centre_structured/DI_CAMERA_P3225/Final/Eddy\3 Meters\Without Blankets\Relaxed\Eddy.mp4
E:/Christian/DI_centre_structured/DI_CAMERA_P3225/Final/Illia\2 Meters\With Blankets\Hold Breath\Illia HB.mp4
E:/Christian/DI_centre_structured/DI_CAMERA_P3225/Final/Illia\2 Meters\With Blankets\Relaxed\Illia.mp4
E:/Christian/DI_centre_structured/DI_CAMERA_P3225/Final/Illia\2 Meters\Without Blankets\Hold Breath\Illia HB.mp4
E:/Christian/DI_centre_structured/DI_CAMERA_P3225/Final/Illia\2 Meters\Without Blankets\Relaxed\Illia.mp4
E:/Christian/DI_centre_structured/DI_CAMERA_P3225/Final/Illia\3 Meters\With Blankets\Hold Breath\Illia HB.mp4
E:/Christian/DI_centre_structured/DI_CAMERA_P3225/Final/Illia\3 Meters\With Blankets\Hold Breath\Illia HB2.mp4
E:/Christian/DI_centre_structured/DI_CAMERA_P3225/Final/Illia\3 Meters\With Blankets\Relaxed\Illia.mp4
E:/Christian/DI_centre_structured/DI_CAMERA_P3225/Final/Illia\3 Meters\Without Blankets\Hold Breath\Illia HB.mp4
E:/Christian/DI_centre_structured/DI_CAMERA_P3225/Final/Illia\3 Meters\Without Blankets\Hold Breath\Illia HB1.mp4
E:/Christian/DI_centre_structured/DI_CAMERA_P3225/Final/Illia\3 Meters\Without Blankets\Relaxed\Illia.mp4
E:/Christian/DI_centre_structured/DI_CAMERA_P3225/Final/Illia2\2 Meters\With Blankets\Hold Breath\Illia2 HB.mp4
E:/Christian/DI_centre_structured/DI_CAMERA_P3225/Final/Illia2\2 Meters\With Blankets\Relaxed\Illia2.mp4
E:/Christian/DI_centre_structured/DI_CAMERA_P3225/Final/Illia2\2 Meters\Without Blankets\Hold Breath\Iliia2 HB.mp4
E:/Christian/DI_centre_structured/DI_CAMERA_P3225/Final/Illia2\2 Meters\Without Blankets\Hold Breath\Iliia3 HB.mp4
E:/Christian/DI_centre_structured/DI_CAMERA_P3225/Final/Illia2\2 Meters\Without Blankets\Relaxed\Illia2.mp4
E:/Christian/DI_centre_structured/DI_CAMERA_P3225/Final/Illia2\3 Meters\With Blankets\Hold Breath\Illia4 HB.mp4
E:/Christian/DI_centre_structured/DI_CAMERA_P3225/Final/Illia2\3 Meters\With Blankets\Relaxed\Illia4.mp4
E:/Christian/DI_centre_structured/DI_CAMERA_P3225/Final/Jay\2 Meters\With Blankets\Hold Breath\Jay HB.mp4
E:/Christian/DI_centre_structured/DI_CAMERA_P3225/Final/Jay\2 Meters\With Blankets\Relaxed\Jay.mp4
E:/Christian/DI_centre_structured/DI_CAMERA_P3225/Final/Jay\2 Meters\Without Blankets\Hold Breath\Jay HB.mp4
E:/Christian/DI_centre_structured/DI_CAMERA_P3225/Final/Jay\2 Meters\Without Blankets\Relaxed\Jay.mp4
E:/Christian/DI_centre_structured/DI_CAMERA_P3225/Final/Jay\3 Meters\With Blankets\Hold Breath\Jay HB.mp4
E:/Christian/DI_centre_structured/DI_CAMERA_P3225/Final/Jay\3 Meters\With Blankets\Relaxed\Jay.mp4
E:/Christian/DI_centre_structured/DI_CAMERA_P3225/Final/Jay\3 Meters\Without Blankets\Hold Breath\Jay HB.mp4
E:/Christian/DI_centre_structured/DI_CAMERA_P3225/Final/Jay\3 Meters\Without Blankets\Relaxed\Jay.mp4
E:/Christian/DI_centre_structured/DI_CAMERA_P3225/Final/Joseph\2 Meters\With Blankets\Hold Breath\Joseph HB.mp4
E:/Christian/DI_centre_structured/DI_CAMERA_P3225/Final/Joseph\2 Meters\With Blankets\Relaxed\Joseph.mp4
E:/Christian/DI_centre_structured/DI_CAMERA_P3225/Final/Joseph\2 Meters\Without Blankets\Hold Breath\Joseph HB.mp4
E:/Christian/DI_centre_structured/DI_CAMERA_P3225/Final/Joseph\2 Meters\Without Blankets\Relaxed\Joseph.mp4
E:/Christian/DI_centre_structured/DI_CAMERA_P3225/Final/Melissa\2 Meters\With Blankets\Hold Breath\Melissa HB.mp4
E:/Christian/DI_centre_structured/DI_CAMERA_P3225/Final/Melissa\2 Meters\With Blankets\Relaxed\Melissa.mp4
E:/Christian/DI_centre_structured/DI_CAMERA_P3225/Final/Melissa\2 Meters\Without Blankets\Hold Breath\Melissa HB.mp4
E:/Christian/DI_centre_structured/DI_CAMERA_P3225/Final/Melissa\2 Meters\Without Blankets\Relaxed\Melissa.mp4
E:/Christian/DI_centre_structured/DI_CAMERA_P3225/Final/Melissa\3 Meters\With Blankets\Hold Breath\Melissa HB.mp4
E:/Christian/DI_centre_structured/DI_CAMERA_P3225/Final/Melissa\3 Meters\With Blankets\Relaxed\Melissa.mp4
E:/Christian/DI_centre_structured/DI_CAMERA_P3225/Final/Melissa\3 Meters\Without Blankets\Hold Breath\Melissa HB.mp4
E:/Christian/DI_centre_structured/DI_CAMERA_P3225/Final/Melissa\3 Meters\Without Blankets\Relaxed\Melissa.mp4
E:/Christian/DI_centre_structured/DI_CAMERA_P3225/Final/Sara\2 Meters\With Blankets\Hold Breath\Sara HB.mp4
E:/Christian/DI_centre_structured/DI_CAMERA_P3225/Final/Sara\2 Meters\With Blankets\Relaxed\Sara Relaxed with Blanket.mp4
E:/Christian/DI_centre_structured/DI_CAMERA_P3225/Final/Sara\2 Meters\Without Blankets\Hold Breath\Sara Hold Breath.mp4
E:/Christian/DI_centre_structured/DI_CAMERA_P3225/Final/Sara\2 Meters\Without Blankets\Relaxed\Sara Relaxed.mp4
E:/Christian/DI_centre_structured/DI_CAMERA_P3225/Final/Sara\3 Meters\With Blankets\Hold Breath\Sara HB.mp4
E:/Christian/DI_centre_structured/DI_CAMERA_P3225/Final/Sara\3 Meters\With Blankets\Relaxed\Sara Relaxed.mp4
E:/Christian/DI_centre_structured/DI_CAMERA_P3225/Final/Sara\3 Meters\Without Blankets\Hold Breath\Sara HB.mp4
E:/Christian/DI_centre_structured/DI_CAMERA_P3225/Final/Sara\3 Meters\Without Blankets\Relaxed\Sara Relaxed.mp4
