C:/Christian/DI_centre_structured/DI_THERMAL_FLIR//15\2 meters\H\B\15_holdingbreath_blanket_2me-12232022092537.avi
C:/Christian/DI_centre_structured/DI_THERMAL_FLIR//15\2 meters\H\B\15_holdingbreath_blanket_2me-12232022092548.avi
C:/Christian/DI_centre_structured/DI_THERMAL_FLIR//15\2 meters\H\B\15_holdingbreath_blanket_2me-12232022092600.avi
C:/Christian/DI_centre_structured/DI_THERMAL_FLIR//15\2 meters\H\B\15_holdingbreath_blanket_2me-12232022092720-0000.avi
C:/Christian/DI_centre_structured/DI_THERMAL_FLIR//15\2 meters\H\B\15_holdingbreath_blanket_2me-12232022092843-0000.avi
C:/Christian/DI_centre_structured/DI_THERMAL_FLIR//15\2 meters\H\B\15_holdingbreath_blanket_2me-12232022092857-0000.avi
C:/Christian/DI_centre_structured/DI_THERMAL_FLIR//15\2 meters\H\B\15_holdingbreath_blanket_2me-12232022092924-0000.avi
C:/Christian/DI_centre_structured/DI_THERMAL_FLIR//15\2 meters\H\WOB\15_holdbreath_wob_2meters-12232022090750.avi
C:/Christian/DI_centre_structured/DI_THERMAL_FLIR//15\2 meters\H\WOB\15_holdbreath_wob_2meters-12232022090832.avi
C:/Christian/DI_centre_structured/DI_THERMAL_FLIR//15\2 meters\H\WOB\15_holdbreath_wob_2meters-12232022090914.avi
C:/Christian/DI_centre_structured/DI_THERMAL_FLIR//15\2 meters\H\WOB\15_test_wob_2meters-12232022090012.avi
C:/Christian/DI_centre_structured/DI_THERMAL_FLIR//15\2 meters\H\WOB\15_test_wob_2meters-12232022090456.avi
C:/Christian/DI_centre_structured/DI_THERMAL_FLIR//15\2 meters\R\B\15_relaxed_blanket_2me-12232022091943.avi
C:/Christian/DI_centre_structured/DI_THERMAL_FLIR//15\2 meters\R\B\15_relaxed_blanket_2me-12232022092035.avi
C:/Christian/DI_centre_structured/DI_THERMAL_FLIR//15\2 meters\R\B\15_relaxed_blanket_2me-12232022092305.avi
C:/Christian/DI_centre_structured/DI_THERMAL_FLIR//15\2 meters\R\B\15_relaxed_blanket_2me-12232022092332.avi
C:/Christian/DI_centre_structured/DI_THERMAL_FLIR//15\2 meters\R\WOB\15_relaxed_wob_2meters-12232022085117.avi
C:/Christian/DI_centre_structured/DI_THERMAL_FLIR//15\2 meters\R\WOB\15_relaxed_wob_2meters-12232022085205.avi
C:/Christian/DI_centre_structured/DI_THERMAL_FLIR//15\2 meters\R\WOB\15_relaxed_wob_2meters-12232022085212.avi
C:/Christian/DI_centre_structured/DI_THERMAL_FLIR//15\2 meters\R\WOB\15_relaxed_wob_2meters-12232022085224.avi
C:/Christian/DI_centre_structured/DI_THERMAL_FLIR//15\2 meters\R\WOB\15_relaxed_wob_2meters-12232022085242.avi
C:/Christian/DI_centre_structured/DI_THERMAL_FLIR//15\2 meters\R\WOB\15_relaxed_wob_2meters-12232022085306.avi
C:/Christian/DI_centre_structured/DI_THERMAL_FLIR//15\2 meters\R\WOB\15_relaxed_wob_2meters-12232022085332.avi
C:/Christian/DI_centre_structured/DI_THERMAL_FLIR//15\2 meters\R\WOB\15_relaxed_wob_2meters-12232022085344.avi
C:/Christian/DI_centre_structured/DI_THERMAL_FLIR//15\2 meters\R\WOB\15_relaxed_wob_2meters-12232022085400.avi
