D:/DI_centre_structured/DI_CAMERA_P3225/Final/Arun/2 Meters/With Blankets/Hold Breath/frames_Arun2_2_lower_bound
D:/DI_centre_structured/DI_CAMERA_P3225/Final/Arun/2 Meters/With Blankets/Hold Breath/frames_Arun2_lower_bound
D:/DI_centre_structured/DI_CAMERA_P3225/Final/Arun/2 Meters/With Blankets/Relaxed/frames
D:/DI_centre_structured/DI_CAMERA_P3225/Final/Arun/2 Meters/With Blankets/Relaxed/frames_Arun2_2_lower_bound
D:/DI_centre_structured/DI_CAMERA_P3225/Final/Arun/2 Meters/With Blankets/Relaxed/frames_Arun2_lower_bound
D:/DI_centre_structured/DI_CAMERA_P3225/Final/Arun/2 Meters/Without Blankets/Hold Breath/frames_short_lower_bound
D:/DI_centre_structured/DI_CAMERA_P3225/Final/Arun/2 Meters/Without Blankets/Relaxed/frames_relax 2meter short_lower_bound
D:/DI_centre_structured/DI_CAMERA_P3225/Final/Arun/3 Meters/With Blankets/Hold Breath/frames_Arun3_lower_bound
D:/DI_centre_structured/DI_CAMERA_P3225/Final/Arun/3 Meters/With Blankets/Relaxed/frames_Arun3_lower_bound
D:/DI_centre_structured/DI_CAMERA_P3225/Final/Arun/3 Meters/Without Blankets/Hold Breath/frames_Arun3_lower_bound
D:/DI_centre_structured/DI_CAMERA_P3225/Final/Arun/3 Meters/Without Blankets/Relaxed/frames_Arun3_lower_bound
D:/DI_centre_structured/DI_CAMERA_P3225/Final/Daniel/2 Meters/With Blankets/Hold Breath/frames_Daniel HB_lower_bound
D:/DI_centre_structured/DI_CAMERA_P3225/Final/Daniel/2 Meters/With Blankets/Relaxed/frames_Daniel_lower_bound
D:/DI_centre_structured/DI_CAMERA_P3225/Final/Daniel/2 Meters/Without Blankets/Hold Breath/frames_Daniel HB_lower_bound
D:/DI_centre_structured/DI_CAMERA_P3225/Final/Daniel/2 Meters/Without Blankets/Relaxed/frames_Daniel_lower_bound
D:/DI_centre_structured/DI_CAMERA_P3225/Final/Daniel/3 Meters/With Blankets/Hold Breath/frames_Daniel HB_lower_bound
D:/DI_centre_structured/DI_CAMERA_P3225/Final/Daniel/3 Meters/With Blankets/Relaxed/frames_Daniel_lower_bound
D:/DI_centre_structured/DI_CAMERA_P3225/Final/Daniel/3 Meters/Without Blankets/Hold Breath/frames_Daniel HB_lower_bound
D:/DI_centre_structured/DI_CAMERA_P3225/Final/Daniel/3 Meters/Without Blankets/Relaxed/frames_Daniel_lower_bound
D:/DI_centre_structured/DI_CAMERA_P3225/Final/Eddy/2 Meters/With Blankets/Hold Breath/frames_Eddy HB_lower_bound
D:/DI_centre_structured/DI_CAMERA_P3225/Final/Eddy/2 Meters/With Blankets/Relaxed/frames_Eddy_lower_bound
D:/DI_centre_structured/DI_CAMERA_P3225/Final/Eddy/2 Meters/Without Blankets/Hold Breath/frames_Eddy HB_lower_bound
D:/DI_centre_structured/DI_CAMERA_P3225/Final/Eddy/2 Meters/Without Blankets/Relaxed/frames_Eddy_lower_bound
D:/DI_centre_structured/DI_CAMERA_P3225/Final/Eddy/3 Meters/With Blankets/Hold Breath/frames_Eddy HB_lower_bound
D:/DI_centre_structured/DI_CAMERA_P3225/Final/Eddy/3 Meters/With Blankets/Relaxed/frames_Eddy_lower_bound
D:/DI_centre_structured/DI_CAMERA_P3225/Final/Eddy/3 Meters/Without Blankets/Hold Breath/frames_Eddy HB_lower_bound
D:/DI_centre_structured/DI_CAMERA_P3225/Final/Eddy/3 Meters/Without Blankets/Relaxed/frames_Eddy_lower_bound
D:/DI_centre_structured/DI_CAMERA_P3225/Final/Farooq/2 Meters/With Blankets/Hold Breath/frames_Farooq_lower_bound
D:/DI_centre_structured/DI_CAMERA_P3225/Final/Farooq/2 Meters/With Blankets/Relaxed/frames_Farooq_lower_bound
D:/DI_centre_structured/DI_CAMERA_P3225/Final/Farooq/2 Meters/Without Blankets/Hold Breath/frames_Farooq HB_lower_bound
D:/DI_centre_structured/DI_CAMERA_P3225/Final/Farooq/2 Meters/Without Blankets/Relaxed/frames_Farooq_lower_bound
D:/DI_centre_structured/DI_CAMERA_P3225/Final/Farooq/3 Meters/With Blankets/Hold Breath/frames_Farooq HB_lower_bound
D:/DI_centre_structured/DI_CAMERA_P3225/Final/Farooq/3 Meters/With Blankets/Relaxed/frames_Farooq_lower_bound
D:/DI_centre_structured/DI_CAMERA_P3225/Final/Farooq/3 Meters/Without Blankets/Hold Breath/frames_Farooq HB_lower_bound
D:/DI_centre_structured/DI_CAMERA_P3225/Final/Farooq/3 Meters/Without Blankets/Relaxed/frames_Farooq_lower_bound
D:/DI_centre_structured/DI_CAMERA_P3225/Final/Frank/2 Meters/With Blankets/Hold Breath/frames_Frank HB_lower_bound
D:/DI_centre_structured/DI_CAMERA_P3225/Final/Frank/2 Meters/With Blankets/Relaxed/frames_Frank_lower_bound
D:/DI_centre_structured/DI_CAMERA_P3225/Final/Frank/2 Meters/Without Blankets/Hold Breath/frames_Frank HB_lower_bound
D:/DI_centre_structured/DI_CAMERA_P3225/Final/Frank/2 Meters/Without Blankets/Relaxed/frames_Frank_lower_bound
D:/DI_centre_structured/DI_CAMERA_P3225/Final/Frank2/3 Meters/With Blankets/Hold Breath/frames_Frank2 HB_lower_bound
D:/DI_centre_structured/DI_CAMERA_P3225/Final/Frank2/3 Meters/With Blankets/Hold Breath/frames_Frank3 HB_lower_bound
D:/DI_centre_structured/DI_CAMERA_P3225/Final/Frank2/3 Meters/With Blankets/Hold Breath/frames_Frank4 HB_lower_bound
D:/DI_centre_structured/DI_CAMERA_P3225/Final/Frank2/3 Meters/With Blankets/Relaxed/frames_Frank2_lower_bound
D:/DI_centre_structured/DI_CAMERA_P3225/Final/Frank2/3 Meters/Without Blankets/Hold Breath/frames_Frank2 HB_lower_bound
D:/DI_centre_structured/DI_CAMERA_P3225/Final/Frank2/3 Meters/Without Blankets/Relaxed/frames_Frank2_lower_bound
D:/DI_centre_structured/DI_CAMERA_P3225/Final/Illia/2 Meters/With Blankets/Hold Breath/frames_Illia HB_lower_bound
D:/DI_centre_structured/DI_CAMERA_P3225/Final/Illia/2 Meters/With Blankets/Relaxed/frames_Illia_lower_bound
D:/DI_centre_structured/DI_CAMERA_P3225/Final/Illia/2 Meters/Without Blankets/Hold Breath/frames_Illia HB_lower_bound
D:/DI_centre_structured/DI_CAMERA_P3225/Final/Illia/2 Meters/Without Blankets/Relaxed/frames_Illia_lower_bound
D:/DI_centre_structured/DI_CAMERA_P3225/Final/Illia/3 Meters/With Blankets/Hold Breath/frames_Illia HB2_lower_bound
D:/DI_centre_structured/DI_CAMERA_P3225/Final/Illia/3 Meters/With Blankets/Hold Breath/frames_Illia HB_lower_bound
D:/DI_centre_structured/DI_CAMERA_P3225/Final/Illia/3 Meters/With Blankets/Relaxed/frames_Illia_lower_bound
D:/DI_centre_structured/DI_CAMERA_P3225/Final/Illia/3 Meters/Without Blankets/Hold Breath/frames_Illia HB1_lower_bound
D:/DI_centre_structured/DI_CAMERA_P3225/Final/Illia/3 Meters/Without Blankets/Hold Breath/frames_Illia HB_lower_bound
D:/DI_centre_structured/DI_CAMERA_P3225/Final/Illia/3 Meters/Without Blankets/Relaxed/frames_Illia_lower_bound
D:/DI_centre_structured/DI_CAMERA_P3225/Final/Illia2/2 Meters/With Blankets/Hold Breath/frames_Illia2 HB_lower_bound
D:/DI_centre_structured/DI_CAMERA_P3225/Final/Illia2/2 Meters/With Blankets/Relaxed/frames_Illia2_lower_bound
D:/DI_centre_structured/DI_CAMERA_P3225/Final/Illia2/2 Meters/Without Blankets/Hold Breath/frames_Iliia2 HB_lower_bound
D:/DI_centre_structured/DI_CAMERA_P3225/Final/Illia2/2 Meters/Without Blankets/Hold Breath/frames_Iliia3 HB_lower_bound
D:/DI_centre_structured/DI_CAMERA_P3225/Final/Illia2/2 Meters/Without Blankets/Relaxed/frames_Illia2_lower_bound
D:/DI_centre_structured/DI_CAMERA_P3225/Final/Illia2/3 Meters/With Blankets/Hold Breath/frames_Illia4 HB_lower_bound
D:/DI_centre_structured/DI_CAMERA_P3225/Final/Illia2/3 Meters/With Blankets/Relaxed/frames_Illia4_lower_bound
D:/DI_centre_structured/DI_CAMERA_P3225/Final/Jay/2 Meters/With Blankets/Hold Breath/frames_Jay HB_lower_bound
D:/DI_centre_structured/DI_CAMERA_P3225/Final/Jay/2 Meters/With Blankets/Relaxed/frames_Jay_lower_bound
D:/DI_centre_structured/DI_CAMERA_P3225/Final/Jay/2 Meters/Without Blankets/Hold Breath/frames_Jay HB_lower_bound
D:/DI_centre_structured/DI_CAMERA_P3225/Final/Jay/2 Meters/Without Blankets/Relaxed/frames_Jay_lower_bound
D:/DI_centre_structured/DI_CAMERA_P3225/Final/Jay/3 Meters/With Blankets/Hold Breath/frames_Jay HB_lower_bound
D:/DI_centre_structured/DI_CAMERA_P3225/Final/Jay/3 Meters/With Blankets/Relaxed/frames_Jay_lower_bound
D:/DI_centre_structured/DI_CAMERA_P3225/Final/Jay/3 Meters/Without Blankets/Hold Breath/frames_Jay HB_lower_bound
D:/DI_centre_structured/DI_CAMERA_P3225/Final/Jay/3 Meters/Without Blankets/Relaxed/frames_Jay_lower_bound
D:/DI_centre_structured/DI_CAMERA_P3225/Final/John McNeil/2 Meters/With Blankets/Hold Breath/frames_John McNeil HB_lower_bound
D:/DI_centre_structured/DI_CAMERA_P3225/Final/John McNeil/2 Meters/With Blankets/Relaxed/frames_John McNeil_lower_bound
D:/DI_centre_structured/DI_CAMERA_P3225/Final/John McNeil/2 Meters/Without Blankets/Hold Breath/frames_John McNeil HB_lower_bound
D:/DI_centre_structured/DI_CAMERA_P3225/Final/John McNeil/2 Meters/Without Blankets/Relaxed/frames_John McNeil_lower_bound
D:/DI_centre_structured/DI_CAMERA_P3225/Final/John McNeil/3 Meters/With Blankets/Hold Breath/frames_John McNeil HB_lower_bound
D:/DI_centre_structured/DI_CAMERA_P3225/Final/John McNeil/3 Meters/With Blankets/Relaxed/frames_John McNeil_lower_bound
D:/DI_centre_structured/DI_CAMERA_P3225/Final/John McNeil/3 Meters/Without Blankets/Hold Breath/frames_John McNeil HB_lower_bound
D:/DI_centre_structured/DI_CAMERA_P3225/Final/John McNeil/3 Meters/Without Blankets/Relaxed/frames_John McNeil_lower_bound
D:/DI_centre_structured/DI_CAMERA_P3225/Final/Joseph/2 Meters/With Blankets/Hold Breath/frames_Joseph HB_lower_bound
D:/DI_centre_structured/DI_CAMERA_P3225/Final/Joseph/2 Meters/With Blankets/Relaxed/frames_Joseph_lower_bound
D:/DI_centre_structured/DI_CAMERA_P3225/Final/Joseph/2 Meters/Without Blankets/Hold Breath/frames_Joseph HB_lower_bound
D:/DI_centre_structured/DI_CAMERA_P3225/Final/Joseph/2 Meters/Without Blankets/Relaxed/frames_Joseph_lower_bound
D:/DI_centre_structured/DI_CAMERA_P3225/Final/Karlii/2 Meters/With Blankets/Hold Breath/frames_Karlii HB_lower_bound
D:/DI_centre_structured/DI_CAMERA_P3225/Final/Karlii/2 Meters/With Blankets/Relaxed/frames_Karlii_lower_bound
D:/DI_centre_structured/DI_CAMERA_P3225/Final/Karlii/2 Meters/Without Blankets/Hold Breath/frames_Karlii HB_lower_bound
D:/DI_centre_structured/DI_CAMERA_P3225/Final/Karlii/2 Meters/Without Blankets/Relaxed/frames_Karlii_lower_bound
D:/DI_centre_structured/DI_CAMERA_P3225/Final/Karlii/3 Meters/With Blankets/Hold Breath/frames_Karlii HB_lower_bound
D:/DI_centre_structured/DI_CAMERA_P3225/Final/Karlii/3 Meters/With Blankets/Relaxed/frames_Karlii_lower_bound
D:/DI_centre_structured/DI_CAMERA_P3225/Final/Karlii/3 Meters/Without Blankets/Hold Breath/frames_Karlii HB_lower_bound
D:/DI_centre_structured/DI_CAMERA_P3225/Final/Karlii/3 Meters/Without Blankets/Relaxed/frames_Karlii_lower_bound
D:/DI_centre_structured/DI_CAMERA_P3225/Final/Kate/2 Meters/Without Blankets/Hold Breath/frames_Kate_lower_bound
D:/DI_centre_structured/DI_CAMERA_P3225/Final/Kate/2 Meters/Without Blankets/Relaxed/frames_Kate_lower_bound
D:/DI_centre_structured/DI_CAMERA_P3225/Final/Kate/3 Meters/With Blankets/Hold Breath/frames_Kate HB_lower_bound
D:/DI_centre_structured/DI_CAMERA_P3225/Final/Kate/3 Meters/With Blankets/Relaxed/frames_Kate Relaxed_lower_bound
D:/DI_centre_structured/DI_CAMERA_P3225/Final/Kate/3 Meters/Without Blankets/Hold Breath/frames_Kate_lower_bound
D:/DI_centre_structured/DI_CAMERA_P3225/Final/Kate/3 Meters/Without Blankets/Relaxed/frames_Kate Relaxed_lower_bound
D:/DI_centre_structured/DI_CAMERA_P3225/Final/Krystyn/2 Meters/With Blankets/Hold Breath/frames_Krystyn HB_lower_bound
D:/DI_centre_structured/DI_CAMERA_P3225/Final/Krystyn/2 Meters/With Blankets/Relaxed/frames_Krystyn_lower_bound
D:/DI_centre_structured/DI_CAMERA_P3225/Final/Krystyn/2 Meters/Without Blankets/Hold Breath/frames_Krystyn HB_lower_bound
D:/DI_centre_structured/DI_CAMERA_P3225/Final/Krystyn/2 Meters/Without Blankets/Relaxed/frames_Krystyn_lower_bound
D:/DI_centre_structured/DI_CAMERA_P3225/Final/Krystyn/3 Meters/With Blankets/Hold Breath/frames_Krystyn HB_lower_bound
D:/DI_centre_structured/DI_CAMERA_P3225/Final/Krystyn/3 Meters/With Blankets/Relaxed/frames_Krystyn_lower_bound
D:/DI_centre_structured/DI_CAMERA_P3225/Final/Krystyn/3 Meters/Without Blankets/Hold Breath/frames_Krystyn HB_lower_bound
D:/DI_centre_structured/DI_CAMERA_P3225/Final/Krystyn/3 Meters/Without Blankets/Relaxed/frames_Krystyn_lower_bound
D:/DI_centre_structured/DI_CAMERA_P3225/Final/Melissa/2 Meters/With Blankets/Hold Breath/frames_Melissa HB_lower_bound
D:/DI_centre_structured/DI_CAMERA_P3225/Final/Melissa/2 Meters/With Blankets/Relaxed/frames_Melissa_lower_bound
D:/DI_centre_structured/DI_CAMERA_P3225/Final/Melissa/2 Meters/Without Blankets/Hold Breath/frames_Melissa HB_lower_bound
D:/DI_centre_structured/DI_CAMERA_P3225/Final/Melissa/2 Meters/Without Blankets/Relaxed/frames_Melissa_lower_bound
D:/DI_centre_structured/DI_CAMERA_P3225/Final/Melissa/3 Meters/With Blankets/Hold Breath/frames_Melissa HB_lower_bound
D:/DI_centre_structured/DI_CAMERA_P3225/Final/Melissa/3 Meters/With Blankets/Relaxed/frames_Melissa_lower_bound
D:/DI_centre_structured/DI_CAMERA_P3225/Final/Melissa/3 Meters/Without Blankets/Hold Breath/frames_Melissa HB_lower_bound
D:/DI_centre_structured/DI_CAMERA_P3225/Final/Melissa/3 Meters/Without Blankets/Relaxed/frames_Melissa_lower_bound
D:/DI_centre_structured/DI_CAMERA_P3225/Final/Nick/2 Meters/With Blankets/Hold Breath/frames_Nick HB_lower_bound
D:/DI_centre_structured/DI_CAMERA_P3225/Final/Nick/2 Meters/With Blankets/Relaxed/frames_Nick_lower_bound
D:/DI_centre_structured/DI_CAMERA_P3225/Final/Nick/2 Meters/Without Blankets/Hold Breath/frames_Nick HB_lower_bound
D:/DI_centre_structured/DI_CAMERA_P3225/Final/Nick/2 Meters/Without Blankets/Relaxed/frames_n1_lower_bound
D:/DI_centre_structured/DI_CAMERA_P3225/Final/Nick/2 Meters/Without Blankets/Relaxed/frames_Nick_lower_bound
D:/DI_centre_structured/DI_CAMERA_P3225/Final/Nick/3 Meters/With Blankets/Hold Breath/frames_Nick HB_lower_bound
D:/DI_centre_structured/DI_CAMERA_P3225/Final/Nick/3 Meters/With Blankets/Relaxed/frames_Nick_lower_bound
D:/DI_centre_structured/DI_CAMERA_P3225/Final/Nick/3 Meters/Without Blankets/Hold Breath/frames_Nick HB_lower_bound
D:/DI_centre_structured/DI_CAMERA_P3225/Final/Nick/3 Meters/Without Blankets/Relaxed/frames_Nick_lower_bound
D:/DI_centre_structured/DI_CAMERA_P3225/Final/Rachael B/2 Meters/Without Blankets/Hold Breathe/frames_Rechael Hold Breathe2_lower_bound
D:/DI_centre_structured/DI_CAMERA_P3225/Final/Rachael B/2 Meters/Without Blankets/Hold Breathe/frames_Rechael Hold Breathe_lower_bound
D:/DI_centre_structured/DI_CAMERA_P3225/Final/Rachael B/2 Meters/Without Blankets/Relaxed/frames_Rachael Relaxed1_lower_bound
D:/DI_centre_structured/DI_CAMERA_P3225/Final/Rachael B/2 Meters/Without Blankets/Relaxed/frames_Rachael Relaxed_lower_bound

