D:/DI_centre_structured/DI_THERMAL_FLIR/14/14_2/3 Meters/With Blankets/Hold Breath/frames/double_layer
D:/DI_centre_structured/DI_THERMAL_FLIR/14/14_2/3 Meters/With Blankets/Hold Breath/frames/single_layer
D:/DI_centre_structured/DI_THERMAL_FLIR/14/14_2/3 Meters/With Blankets/Relaxed/frames
D:/DI_centre_structured/DI_THERMAL_FLIR/14/14_2/3 Meters/Without Blankets/Hold Breath/frames
D:/DI_centre_structured/DI_THERMAL_FLIR/14/14_2/3 Meters/Without Blankets/Relaxed/frames
D:/DI_centre_structured/DI_THERMAL_FLIR/15/15_1/2 meters/H/With Blanket/frames
D:/DI_centre_structured/DI_THERMAL_FLIR/15/15_2/15_2nd_2meters/15_2nd_hold_blanket_2meters
D:/DI_centre_structured/DI_THERMAL_FLIR/15/15_2/2 Meters/H/WB/frames
D:/DI_centre_structured/DI_THERMAL_FLIR/15/15_2/2 Meters/H/WB
D:/DI_centre_structured/DI_THERMAL_FLIR/15/15_2/2 Meters/R/WB/frames
D:/DI_centre_structured/DI_THERMAL_FLIR/15/15_2/3 Meters/WB/H/frames
D:/DI_centre_structured/DI_THERMAL_FLIR/15/15_2/3 Meters/WB/R/frames
D:/DI_centre_structured/DI_THERMAL_FLIR/15/15_2/3 Meters/WOB/holding/frames
D:/DI_centre_structured/DI_THERMAL_FLIR/15/15_2/3 Meters/WOB/relaxed/frames
D:/DI_centre_structured/DI_THERMAL_FLIR/16/16_1/2 Meters/H/WB/frames
D:/DI_centre_structured/DI_THERMAL_FLIR/16/16_1/2 Meters/H/WOB/frames
D:/DI_centre_structured/DI_THERMAL_FLIR/16/16_1/2 Meters/R/WB/frames
D:/DI_centre_structured/DI_THERMAL_FLIR/16/16_1/2 Meters/R/WOB/frames
D:/DI_centre_structured/DI_THERMAL_FLIR/17/17_1/2 Meters/H/WB/frames
D:/DI_centre_structured/DI_THERMAL_FLIR/17/17_1/2 Meters/H/WOB/frames
D:/DI_centre_structured/DI_THERMAL_FLIR/17/17_1/2 Meters/R/WB/frames
D:/DI_centre_structured/DI_THERMAL_FLIR/17/17_1/2 Meters/R/WOB/frames
D:/DI_centre_structured/DI_THERMAL_FLIR/6/6_2/2 meters/WB/H/frames
D:/DI_centre_structured/DI_THERMAL_FLIR/6/6_2/2 meters/WB/R/frames
D:/DI_centre_structured/DI_THERMAL_FLIR/6/6_2/2 meters/WOB/H/frames
D:/DI_centre_structured/DI_THERMAL_FLIR/6/6_2/2 meters/WOB/R/frames
D:/DI_centre_structured/DI_THERMAL_FLIR/6/6_2/3 meters/WB/H/frames
D:/DI_centre_structured/DI_THERMAL_FLIR/6/6_2/3 meters/WB/R/frames
D:/DI_centre_structured/DI_THERMAL_FLIR/6/6_3/WOB/H/frames