E:/Christian/DI_centre_structured/DI_THERMAL_FLIR//15/2 meters/H/B/frames_15_holdingbreath_blanket_2me-12232022092537_upper_bound
E:/Christian/DI_centre_structured/DI_THERMAL_FLIR//15/2 meters/H/B/frames_15_holdingbreath_blanket_2me-12232022092548_upper_bound
E:/Christian/DI_centre_structured/DI_THERMAL_FLIR//15/2 meters/H/B/frames_15_holdingbreath_blanket_2me-12232022092600_upper_bound
E:/Christian/DI_centre_structured/DI_THERMAL_FLIR//15/2 meters/H/B/frames_15_holdingbreath_blanket_2me-12232022092720-0000_upper_bound
E:/Christian/DI_centre_structured/DI_THERMAL_FLIR//15/2 meters/H/B/frames_15_holdingbreath_blanket_2me-12232022092843-0000_upper_bound
E:/Christian/DI_centre_structured/DI_THERMAL_FLIR//15/2 meters/H/B/frames_15_holdingbreath_blanket_2me-12232022092857-0000_upper_bound
E:/Christian/DI_centre_structured/DI_THERMAL_FLIR//15/2 meters/H/B/frames_15_holdingbreath_blanket_2me-12232022092924-0000_upper_bound
E:/Christian/DI_centre_structured/DI_THERMAL_FLIR//15/2 meters/H/WOB/frames_15_holdbreath_wob_2meters-12232022090750_upper_bound
E:/Christian/DI_centre_structured/DI_THERMAL_FLIR//15/2 meters/H/WOB/frames_15_holdbreath_wob_2meters-12232022090832_upper_bound
E:/Christian/DI_centre_structured/DI_THERMAL_FLIR//15/2 meters/H/WOB/frames_15_holdbreath_wob_2meters-12232022090914_upper_bound
E:/Christian/DI_centre_structured/DI_THERMAL_FLIR//15/2 meters/H/WOB/frames_15_test_wob_2meters-12232022090012_upper_bound
E:/Christian/DI_centre_structured/DI_THERMAL_FLIR//15/2 meters/H/WOB/frames_15_test_wob_2meters-12232022090456_upper_bound
E:/Christian/DI_centre_structured/DI_THERMAL_FLIR//15/2 meters/R/B/frames_15_relaxed_blanket_2me-12232022091943_upper_bound
E:/Christian/DI_centre_structured/DI_THERMAL_FLIR//15/2 meters/R/B/frames_15_relaxed_blanket_2me-12232022092035_upper_bound
E:/Christian/DI_centre_structured/DI_THERMAL_FLIR//15/2 meters/R/B/frames_15_relaxed_blanket_2me-12232022092305_upper_bound
E:/Christian/DI_centre_structured/DI_THERMAL_FLIR//15/2 meters/R/B/frames_15_relaxed_blanket_2me-12232022092332_upper_bound
E:/Christian/DI_centre_structured/DI_THERMAL_FLIR//15/2 meters/R/WOB/frames_15_relaxed_wob_2meters-12232022085117_upper_bound
E:/Christian/DI_centre_structured/DI_THERMAL_FLIR//15/2 meters/R/WOB/frames_15_relaxed_wob_2meters-12232022085205_upper_bound
E:/Christian/DI_centre_structured/DI_THERMAL_FLIR//15/2 meters/R/WOB/frames_15_relaxed_wob_2meters-12232022085212_upper_bound
E:/Christian/DI_centre_structured/DI_THERMAL_FLIR//15/2 meters/R/WOB/frames_15_relaxed_wob_2meters-12232022085224_upper_bound
E:/Christian/DI_centre_structured/DI_THERMAL_FLIR//15/2 meters/R/WOB/frames_15_relaxed_wob_2meters-12232022085242_upper_bound
E:/Christian/DI_centre_structured/DI_THERMAL_FLIR//15/2 meters/R/WOB/frames_15_relaxed_wob_2meters-12232022085306_upper_bound
E:/Christian/DI_centre_structured/DI_THERMAL_FLIR//15/2 meters/R/WOB/frames_15_relaxed_wob_2meters-12232022085332_upper_bound
E:/Christian/DI_centre_structured/DI_THERMAL_FLIR//15/2 meters/R/WOB/frames_15_relaxed_wob_2meters-12232022085344_upper_bound
E:/Christian/DI_centre_structured/DI_THERMAL_FLIR//15/2 meters/R/WOB/frames_15_relaxed_wob_2meters-12232022085400_upper_bound
